[2026-03-01T15:44:38] ALERT WATER: 💧 Patient needs water!
[2026-03-01T15:44:38] RESULT: ✅ [2026-03-01T15:44:38] Sent: 💧 Patient needs water!
[2026-03-01T15:44:47] ALERT EMERGENCY: 🚨 EMERGENCY! Patient needs immediate help!
[2026-03-01T15:44:47] RESULT: ✅ [2026-03-01T15:44:47] Sent: 🚨 EMERGENCY! Patient needs immediate help!
[2026-03-01T15:44:53] ALERT WATER: 💧 Patient needs water!
[2026-03-01T15:44:53] RESULT: ✅ [2026-03-01T15:44:53] Sent: 💧 Patient needs water!
[2026-03-01T15:55:57] ALERT WATER: 💧 Patient needs water!
[2026-03-01T15:55:57] RESULT: ✅ [2026-03-01T15:55:57] Sent: 💧 Patient needs water!
[2026-03-01T15:56:15] ALERT EMERGENCY: 🚨 EMERGENCY! Patient needs immediate help!
[2026-03-01T15:56:15] RESULT: ✅ [2026-03-01T15:56:15] Sent: 🚨 EMERGENCY! Patient needs immediate help!
[2026-03-01T16:03:45] ALERT WATER: 💧 Patient needs water!
[2026-03-01T16:03:45] RESULT: ✅ [2026-03-01T16:03:45] Sent: 💧 Patient needs water!
[2026-03-01T16:03:48] ALERT WATER: 💧 Patient needs water!
[2026-03-01T16:03:48] RESULT: ✅ [2026-03-01T16:03:48] Sent: 💧 Patient needs water!
[2026-03-01T16:03:53] ALERT WATER: 💧 Patient needs water!
[2026-03-01T16:03:53] RESULT: ✅ [2026-03-01T16:03:53] Sent: 💧 Patient needs water!
[2026-03-01T16:03:59] ALERT EMERGENCY: 🚨 EMERGENCY! Patient needs immediate help!
[2026-03-01T16:03:59] RESULT: ✅ [2026-03-01T16:03:59] Sent: 🚨 EMERGENCY! Patient needs immediate help!
[2026-03-01T16:06:46] ALERT WATER: 💧 Patient needs water!
[2026-03-01T16:06:46] RESULT: ✅ [2026-03-01T16:06:46] Sent: 💧 Patient needs water!
[2026-03-01T16:06:50] ALERT EMERGENCY: 🚨 EMERGENCY! Patient needs immediate help!
[2026-03-01T16:06:50] RESULT: ✅ [2026-03-01T16:06:50] Sent: 🚨 EMERGENCY! Patient needs immediate help!
[2026-03-01T16:07:13] ALERT WATER: 💧 Patient needs water!
[2026-03-01T16:07:13] RESULT: ✅ [2026-03-01T16:07:13] Sent: 💧 Patient needs water!
[2026-03-01T16:17:25] ALERT WATER: 💧 Patient needs water!
[2026-03-01T16:17:25] RESULT: ✅ [2026-03-01T16:17:25] Sent: 💧 Patient needs water!
[2026-03-01T16:17:28] ALERT WATER: 💧 Patient needs water!
[2026-03-01T16:17:28] RESULT: ✅ [2026-03-01T16:17:28] Sent: 💧 Patient needs water!
[2026-03-01T16:17:33] ALERT EMERGENCY: 🚨 EMERGENCY! Patient needs immediate help!
[2026-03-01T16:17:33] RESULT: ✅ [2026-03-01T16:17:33] Sent: 🚨 EMERGENCY! Patient needs immediate help!
[2026-03-01T16:18:49] ALERT WATER: 💧 Patient needs water!
[2026-03-01T16:18:49] RESULT: ✅ [2026-03-01T16:18:49] Sent: 💧 Patient needs water!
[2026-03-01T16:19:01] ALERT WATER: 💧 Patient needs water!
[2026-03-01T16:19:01] RESULT: ✅ [2026-03-01T16:19:01] Sent: 💧 Patient needs water!
[2026-03-01T17:00:13] ALERT WATER: 💧 Patient needs water!
[2026-03-01T17:00:13] RESULT: ✅ [2026-03-01T17:00:13] Sent: 💧 Patient needs water!
[2026-03-01T17:00:34] ALERT EMERGENCY: 🚨 EMERGENCY! Patient needs immediate help!
[2026-03-01T17:00:34] RESULT: ✅ [2026-03-01T17:00:34] Sent: 🚨 EMERGENCY! Patient needs immediate help!
[2026-03-01T17:06:58] ALERT WATER: 💧 Patient needs water!
[2026-03-01T17:06:58] RESULT: ✅ [2026-03-01T17:06:58] Sent: 💧 Patient needs water!
[2026-03-01T17:15:56] ALERT EMERGENCY: 🚨 EMERGENCY! Patient needs immediate help!
[2026-03-01T17:15:56] RESULT: ✅ [2026-03-01T17:15:56] 🚨 EMERGENCY! Patient needs immediate help!
[2026-03-01T17:16:12] ALERT WATER: 💧 Patient needs water!
[2026-03-01T17:16:12] RESULT: ✅ [2026-03-01T17:16:12] 💧 Patient needs water!
